<?xml version="1.0" encoding="UTF-8" ?>

<testsuite failures="0" time="0.334" errors="0" skipped="0" tests="8" name="BasicTest">
  <testcase classname="BasicTest" name="testTags" time="0.062">
      </testcase>
  <testcase classname="BasicTest" name="fullTest" time="0.188">
      </testcase>
  <testcase classname="BasicTest" name="aVeryImportantThingToTest" time="0.003">
      </testcase>
  <testcase classname="BasicTest" name="createAndRetrieveUser" time="0.01">
      </testcase>
  <testcase classname="BasicTest" name="tryConnectAsUser" time="0.011">
      </testcase>
  <testcase classname="BasicTest" name="useTheCommentsRelation" time="0.038">
      </testcase>
  <testcase classname="BasicTest" name="createPost" time="0.009">
      </testcase>
  <testcase classname="BasicTest" name="postComments" time="0.013">
      </testcase>
</testsuite>
